<?xml version="1.0" encoding="UTF-8"?>
<coverage generated="1585249981133" clover="3.2.0">
  <project timestamp="1585249981133" name="All files">
    <metrics statements="5" coveredstatements="5" conditionals="0" coveredconditionals="0" methods="4" coveredmethods="4" elements="9" coveredelements="9" complexity="0" loc="5" ncloc="5" packages="1" files="1" classes="1"/>
    <file name="magic.js" path="/home/ihahn/Desktop/magic/src/magic.js">
      <metrics statements="5" coveredstatements="5" conditionals="0" coveredconditionals="0" methods="4" coveredmethods="4"/>
      <line num="1" count="1" type="stmt"/>
      <line num="2" count="64" type="stmt"/>
      <line num="3" count="28" type="stmt"/>
      <line num="4" count="28" type="stmt"/>
      <line num="5" count="28" type="stmt"/>
    </file>
  </project>
</coverage>
