{"/home/ihahn/Desktop/magic/src/magic.js": {"path":"/home/ihahn/Desktop/magic/src/magic.js","statementMap":{"0":{"start":{"line":1,"column":15},"end":{"line":6,"column":1}},"1":{"start":{"line":2,"column":14},"end":{"line":2,"column":56}},"2":{"start":{"line":2,"column":43},"end":{"line":2,"column":52}},"3":{"start":{"line":3,"column":16},"end":{"line":3,"column":48}},"4":{"start":{"line":3,"column":29},"end":{"line":3,"column":48}},"5":{"start":{"line":4,"column":2},"end":{"line":4,"column":28}},"6":{"start":{"line":4,"column":24},"end":{"line":4,"column":27}},"7":{"start":{"line":5,"column":2},"end":{"line":5,"column":15}}},"fnMap":{"0":{"name":"(anonymous_0)","decl":{"start":{"line":1,"column":15},"end":{"line":1,"column":16}},"loc":{"start":{"line":1,"column":31},"end":{"line":6,"column":1}},"line":1},"1":{"name":"(anonymous_1)","decl":{"start":{"line":2,"column":29},"end":{"line":2,"column":30}},"loc":{"start":{"line":2,"column":43},"end":{"line":2,"column":52}},"line":2},"2":{"name":"(anonymous_2)","decl":{"start":{"line":3,"column":16},"end":{"line":3,"column":17}},"loc":{"start":{"line":3,"column":29},"end":{"line":3,"column":48}},"line":3},"3":{"name":"(anonymous_3)","decl":{"start":{"line":4,"column":18},"end":{"line":4,"column":19}},"loc":{"start":{"line":4,"column":24},"end":{"line":4,"column":27}},"line":4}},"branchMap":{},"s":{"0":1,"1":28,"2":64,"3":28,"4":14,"5":28,"6":13,"7":28},"f":{"0":28,"1":64,"2":14,"3":13},"b":{},"_coverageSchema":"1a1c01bbd47fc00a2c39e90264f33305004495a9","hash":"dacbe3af5e72463ca64aec70ba760e78ab7692b5"}
}
